This is pdfTeX, Version 3.14159265-2.6-1.40.19 (TeX Live 2019/dev/Debian) (preloaded format=pdflatex 2022.8.25)  25 AUG 2022 10:07
entering extended mode
 restricted \write18 enabled.
 %&-line parsing enabled.
**mut_status.tex
(./mut_status.tex
LaTeX2e <2018-12-01>
(/usr/share/texlive/texmf-dist/tex/latex/base/article.cls
Document Class: article 2018/09/03 v1.4i Standard LaTeX document class
(/usr/share/texlive/texmf-dist/tex/latex/base/size10.clo
File: size10.clo 2018/09/03 v1.4i Standard LaTeX file (size option)
)
\c@part=\count80
\c@section=\count81
\c@subsection=\count82
\c@subsubsection=\count83
\c@paragraph=\count84
\c@subparagraph=\count85
\c@figure=\count86
\c@table=\count87
\abovecaptionskip=\skip41
\belowcaptionskip=\skip42
\bibindent=\dimen102
)
(/usr/share/texlive/texmf-dist/tex/latex/graphics/graphicx.sty
Package: graphicx 2017/06/01 v1.1a Enhanced LaTeX Graphics (DPC,SPQR)

(/usr/share/texlive/texmf-dist/tex/latex/graphics/keyval.sty
Package: keyval 2014/10/28 v1.15 key=value parser (DPC)
\KV@toks@=\toks14
)
(/usr/share/texlive/texmf-dist/tex/latex/graphics/graphics.sty
Package: graphics 2017/06/25 v1.2c Standard LaTeX Graphics (DPC,SPQR)

(/usr/share/texlive/texmf-dist/tex/latex/graphics/trig.sty
Package: trig 2016/01/03 v1.10 sin cos tan (DPC)
)
(/usr/share/texlive/texmf-dist/tex/latex/graphics-cfg/graphics.cfg
File: graphics.cfg 2016/06/04 v1.11 sample graphics configuration
)
Package graphics Info: Driver file: pdftex.def on input line 99.

(/usr/share/texlive/texmf-dist/tex/latex/graphics-def/pdftex.def
File: pdftex.def 2018/01/08 v1.0l Graphics/color driver for pdftex
))
\Gin@req@height=\dimen103
\Gin@req@width=\dimen104
)
(/usr/share/texlive/texmf-dist/tex/latex/graphics/color.sty
Package: color 2016/07/10 v1.1e Standard LaTeX Color (DPC)

(/usr/share/texlive/texmf-dist/tex/latex/graphics-cfg/color.cfg
File: color.cfg 2016/01/02 v1.6 sample color configuration
)
Package color Info: Driver file: pdftex.def on input line 147.
)
(/usr/share/texlive/texmf-dist/tex/latex/framed/framed.sty
Package: framed 2011/10/22 v 0.96: framed or shaded text with page breaks
\OuterFrameSep=\skip43
\fb@frw=\dimen105
\fb@frh=\dimen106
\FrameRule=\dimen107
\FrameSep=\dimen108
)
(/usr/share/texlive/texmf-dist/tex/latex/base/alltt.sty
Package: alltt 1997/06/16 v2.0g defines alltt environment
)
(/usr/share/texlive/texmf-dist/tex/latex/psnfss/mathpazo.sty
Package: mathpazo 2005/04/12 PSNFSS-v9.2a Palatino w/ Pazo Math (D.Puga, WaS) 
\symupright=\mathgroup4
)
(/usr/share/texlive/texmf-dist/tex/latex/base/fontenc.sty
Package: fontenc 2018/08/11 v2.0j Standard LaTeX package

(/usr/share/texlive/texmf-dist/tex/latex/base/t1enc.def
File: t1enc.def 2018/08/11 v2.0j Standard LaTeX file
LaTeX Font Info:    Redeclaring font encoding T1 on input line 48.
))
(/usr/share/texlive/texmf-dist/tex/latex/geometry/geometry.sty
Package: geometry 2018/04/16 v5.8 Page Geometry

(/usr/share/texlive/texmf-dist/tex/generic/oberdiek/ifpdf.sty
Package: ifpdf 2018/09/07 v3.3 Provides the ifpdf switch
)
(/usr/share/texlive/texmf-dist/tex/generic/oberdiek/ifvtex.sty
Package: ifvtex 2016/05/16 v1.6 Detect VTeX and its facilities (HO)
Package ifvtex Info: VTeX not detected.
)
(/usr/share/texlive/texmf-dist/tex/generic/ifxetex/ifxetex.sty
Package: ifxetex 2010/09/12 v0.6 Provides ifxetex conditional
)
\Gm@cnth=\count88
\Gm@cntv=\count89
\c@Gm@tempcnt=\count90
\Gm@bindingoffset=\dimen109
\Gm@wd@mp=\dimen110
\Gm@odd@mp=\dimen111
\Gm@even@mp=\dimen112
\Gm@layoutwidth=\dimen113
\Gm@layoutheight=\dimen114
\Gm@layouthoffset=\dimen115
\Gm@layoutvoffset=\dimen116
\Gm@dimlist=\toks15
)
(/usr/share/texlive/texmf-dist/tex/latex/hyperref/hyperref.sty
Package: hyperref 2018/11/30 v6.88e Hypertext links for LaTeX

(/usr/share/texlive/texmf-dist/tex/generic/oberdiek/hobsub-hyperref.sty
Package: hobsub-hyperref 2016/05/16 v1.14 Bundle oberdiek, subset hyperref (HO)


(/usr/share/texlive/texmf-dist/tex/generic/oberdiek/hobsub-generic.sty
Package: hobsub-generic 2016/05/16 v1.14 Bundle oberdiek, subset generic (HO)
Package: hobsub 2016/05/16 v1.14 Construct package bundles (HO)
Package: infwarerr 2016/05/16 v1.4 Providing info/warning/error messages (HO)
Package: ltxcmds 2016/05/16 v1.23 LaTeX kernel commands for general use (HO)
Package: ifluatex 2016/05/16 v1.4 Provides the ifluatex switch (HO)
Package ifluatex Info: LuaTeX not detected.
Package hobsub Info: Skipping package `ifvtex' (already loaded).
Package: intcalc 2016/05/16 v1.2 Expandable calculations with integers (HO)
Package hobsub Info: Skipping package `ifpdf' (already loaded).
Package: etexcmds 2016/05/16 v1.6 Avoid name clashes with e-TeX commands (HO)
Package: kvsetkeys 2016/05/16 v1.17 Key value parser (HO)
Package: kvdefinekeys 2016/05/16 v1.4 Define keys (HO)
Package: pdftexcmds 2018/09/10 v0.29 Utility functions of pdfTeX for LuaTeX (HO
)
Package pdftexcmds Info: LuaTeX not detected.
Package pdftexcmds Info: \pdf@primitive is available.
Package pdftexcmds Info: \pdf@ifprimitive is available.
Package pdftexcmds Info: \pdfdraftmode found.
Package: pdfescape 2016/05/16 v1.14 Implements pdfTeX's escape features (HO)
Package: bigintcalc 2016/05/16 v1.4 Expandable calculations on big integers (HO
)
Package: bitset 2016/05/16 v1.2 Handle bit-vector datatype (HO)
Package: uniquecounter 2016/05/16 v1.3 Provide unlimited unique counter (HO)
)
Package hobsub Info: Skipping package `hobsub' (already loaded).
Package: letltxmacro 2016/05/16 v1.5 Let assignment for LaTeX macros (HO)
Package: hopatch 2016/05/16 v1.3 Wrapper for package hooks (HO)
Package: xcolor-patch 2016/05/16 xcolor patch
Package: atveryend 2016/05/16 v1.9 Hooks at the very end of document (HO)
Package atveryend Info: \enddocument detected (standard20110627).
Package: atbegshi 2016/06/09 v1.18 At begin shipout hook (HO)
Package: refcount 2016/05/16 v3.5 Data extraction from label references (HO)
Package: hycolor 2016/05/16 v1.8 Color options for hyperref/bookmark (HO)
)
(/usr/share/texlive/texmf-dist/tex/latex/oberdiek/auxhook.sty
Package: auxhook 2016/05/16 v1.4 Hooks for auxiliary files (HO)
)
(/usr/share/texlive/texmf-dist/tex/latex/oberdiek/kvoptions.sty
Package: kvoptions 2016/05/16 v3.12 Key value format for package options (HO)
)
\@linkdim=\dimen117
\Hy@linkcounter=\count91
\Hy@pagecounter=\count92

(/usr/share/texlive/texmf-dist/tex/latex/hyperref/pd1enc.def
File: pd1enc.def 2018/11/30 v6.88e Hyperref: PDFDocEncoding definition (HO)
Now handling font encoding PD1 ...
... no UTF-8 mapping file for font encoding PD1
)
\Hy@SavedSpaceFactor=\count93

(/usr/share/texlive/texmf-dist/tex/latex/latexconfig/hyperref.cfg
File: hyperref.cfg 2002/06/06 v1.2 hyperref configuration of TeXLive
)
Package hyperref Info: Option `unicode' set `true' on input line 4393.

(/usr/share/texlive/texmf-dist/tex/latex/hyperref/puenc.def
File: puenc.def 2018/11/30 v6.88e Hyperref: PDF Unicode definition (HO)
Now handling font encoding PU ...
... no UTF-8 mapping file for font encoding PU
)
Package hyperref Info: Option `pdfusetitle' set `true' on input line 4393.
Package hyperref Info: Option `bookmarks' set `true' on input line 4393.
Package hyperref Info: Option `bookmarksnumbered' set `true' on input line 4393
.
Package hyperref Info: Option `bookmarksopen' set `true' on input line 4393.
Package hyperref Info: Option `breaklinks' set `false' on input line 4393.
Package hyperref Info: Option `colorlinks' set `false' on input line 4393.
Package hyperref Info: Hyper figures OFF on input line 4519.
Package hyperref Info: Link nesting OFF on input line 4524.
Package hyperref Info: Hyper index ON on input line 4527.
Package hyperref Info: Plain pages OFF on input line 4534.
Package hyperref Info: Backreferencing OFF on input line 4539.
Package hyperref Info: Implicit mode ON; LaTeX internals redefined.
Package hyperref Info: Bookmarks ON on input line 4772.
\c@Hy@tempcnt=\count94

(/usr/share/texlive/texmf-dist/tex/latex/url/url.sty
\Urlmuskip=\muskip10
Package: url 2013/09/16  ver 3.4  Verb mode for urls, etc.
)
LaTeX Info: Redefining \url on input line 5125.
\XeTeXLinkMargin=\dimen118
\Fld@menulength=\count95
\Field@Width=\dimen119
\Fld@charsize=\dimen120
Package hyperref Info: Hyper figures OFF on input line 6380.
Package hyperref Info: Link nesting OFF on input line 6385.
Package hyperref Info: Hyper index ON on input line 6388.
Package hyperref Info: backreferencing OFF on input line 6395.
Package hyperref Info: Link coloring OFF on input line 6400.
Package hyperref Info: Link coloring with OCG OFF on input line 6405.
Package hyperref Info: PDF/A mode OFF on input line 6410.
LaTeX Info: Redefining \ref on input line 6450.
LaTeX Info: Redefining \pageref on input line 6454.
\Hy@abspage=\count96
\c@Item=\count97
\c@Hfootnote=\count98
)
Package hyperref Info: Driver (autodetected): hpdftex.

(/usr/share/texlive/texmf-dist/tex/latex/hyperref/hpdftex.def
File: hpdftex.def 2018/11/30 v6.88e Hyperref driver for pdfTeX
\Fld@listcount=\count99
\c@bookmark@seq@number=\count100

(/usr/share/texlive/texmf-dist/tex/latex/oberdiek/rerunfilecheck.sty
Package: rerunfilecheck 2016/05/16 v1.8 Rerun checks for auxiliary files (HO)
Package uniquecounter Info: New unique counter `rerunfilecheck' on input line 2
82.
)
\Hy@SectionHShift=\skip44
)
(/usr/share/texlive/texmf-dist/tex/latex/upquote/upquote.sty
Package: upquote 2012/04/19 v1.3 upright-quote and grave-accent glyphs in verba
tim

(/usr/share/texlive/texmf-dist/tex/latex/base/textcomp.sty
Package: textcomp 2018/08/11 v2.0j Standard LaTeX package
Package textcomp Info: Sub-encoding information:
(textcomp)               5 = only ISO-Adobe without \textcurrency
(textcomp)               4 = 5 + \texteuro
(textcomp)               3 = 4 + \textohm
(textcomp)               2 = 3 + \textestimated + \textcurrency
(textcomp)               1 = TS1 - \textcircled - \t
(textcomp)               0 = TS1 (full)
(textcomp)             Font families with sub-encoding setting implement
(textcomp)             only a restricted character set as indicated.
(textcomp)             Family '?' is the default used for unknown fonts.
(textcomp)             See the documentation for details.
Package textcomp Info: Setting ? sub-encoding to TS1/1 on input line 79.

(/usr/share/texlive/texmf-dist/tex/latex/base/ts1enc.def
File: ts1enc.def 2001/06/05 v3.0e (jk/car/fm) Standard LaTeX file
Now handling font encoding TS1 ...
... processing UTF-8 mapping file for font encoding TS1

(/usr/share/texlive/texmf-dist/tex/latex/base/ts1enc.dfu
File: ts1enc.dfu 2018/10/05 v1.2f UTF-8 support for inputenc
   defining Unicode char U+00A2 (decimal 162)
   defining Unicode char U+00A3 (decimal 163)
   defining Unicode char U+00A4 (decimal 164)
   defining Unicode char U+00A5 (decimal 165)
   defining Unicode char U+00A6 (decimal 166)
   defining Unicode char U+00A7 (decimal 167)
   defining Unicode char U+00A8 (decimal 168)
   defining Unicode char U+00A9 (decimal 169)
   defining Unicode char U+00AA (decimal 170)
   defining Unicode char U+00AC (decimal 172)
   defining Unicode char U+00AE (decimal 174)
   defining Unicode char U+00AF (decimal 175)
   defining Unicode char U+00B0 (decimal 176)
   defining Unicode char U+00B1 (decimal 177)
   defining Unicode char U+00B2 (decimal 178)
   defining Unicode char U+00B3 (decimal 179)
   defining Unicode char U+00B4 (decimal 180)
   defining Unicode char U+00B5 (decimal 181)
   defining Unicode char U+00B6 (decimal 182)
   defining Unicode char U+00B7 (decimal 183)
   defining Unicode char U+00B9 (decimal 185)
   defining Unicode char U+00BA (decimal 186)
   defining Unicode char U+00BC (decimal 188)
   defining Unicode char U+00BD (decimal 189)
   defining Unicode char U+00BE (decimal 190)
   defining Unicode char U+00D7 (decimal 215)
   defining Unicode char U+00F7 (decimal 247)
   defining Unicode char U+0192 (decimal 402)
   defining Unicode char U+02C7 (decimal 711)
   defining Unicode char U+02D8 (decimal 728)
   defining Unicode char U+02DD (decimal 733)
   defining Unicode char U+0E3F (decimal 3647)
   defining Unicode char U+2016 (decimal 8214)
   defining Unicode char U+2020 (decimal 8224)
   defining Unicode char U+2021 (decimal 8225)
   defining Unicode char U+2022 (decimal 8226)
   defining Unicode char U+2030 (decimal 8240)
   defining Unicode char U+2031 (decimal 8241)
   defining Unicode char U+203B (decimal 8251)
   defining Unicode char U+203D (decimal 8253)
   defining Unicode char U+2044 (decimal 8260)
   defining Unicode char U+204E (decimal 8270)
   defining Unicode char U+2052 (decimal 8274)
   defining Unicode char U+20A1 (decimal 8353)
   defining Unicode char U+20A4 (decimal 8356)
   defining Unicode char U+20A6 (decimal 8358)
   defining Unicode char U+20A9 (decimal 8361)
   defining Unicode char U+20AB (decimal 8363)
   defining Unicode char U+20AC (decimal 8364)
   defining Unicode char U+20B1 (decimal 8369)
   defining Unicode char U+2103 (decimal 8451)
   defining Unicode char U+2116 (decimal 8470)
   defining Unicode char U+2117 (decimal 8471)
   defining Unicode char U+211E (decimal 8478)
   defining Unicode char U+2120 (decimal 8480)
   defining Unicode char U+2122 (decimal 8482)
   defining Unicode char U+2126 (decimal 8486)
   defining Unicode char U+2127 (decimal 8487)
   defining Unicode char U+212E (decimal 8494)
   defining Unicode char U+2190 (decimal 8592)
   defining Unicode char U+2191 (decimal 8593)
   defining Unicode char U+2192 (decimal 8594)
   defining Unicode char U+2193 (decimal 8595)
   defining Unicode char U+2329 (decimal 9001)
   defining Unicode char U+232A (decimal 9002)
   defining Unicode char U+2422 (decimal 9250)
   defining Unicode char U+25E6 (decimal 9702)
   defining Unicode char U+25EF (decimal 9711)
   defining Unicode char U+266A (decimal 9834)
   defining Unicode char U+FEFF (decimal 65279)
))
LaTeX Info: Redefining \oldstylenums on input line 334.
Package textcomp Info: Setting cmr sub-encoding to TS1/0 on input line 349.
Package textcomp Info: Setting cmss sub-encoding to TS1/0 on input line 350.
Package textcomp Info: Setting cmtt sub-encoding to TS1/0 on input line 351.
Package textcomp Info: Setting cmvtt sub-encoding to TS1/0 on input line 352.
Package textcomp Info: Setting cmbr sub-encoding to TS1/0 on input line 353.
Package textcomp Info: Setting cmtl sub-encoding to TS1/0 on input line 354.
Package textcomp Info: Setting ccr sub-encoding to TS1/0 on input line 355.
Package textcomp Info: Setting ptm sub-encoding to TS1/4 on input line 356.
Package textcomp Info: Setting pcr sub-encoding to TS1/4 on input line 357.
Package textcomp Info: Setting phv sub-encoding to TS1/4 on input line 358.
Package textcomp Info: Setting ppl sub-encoding to TS1/3 on input line 359.
Package textcomp Info: Setting pag sub-encoding to TS1/4 on input line 360.
Package textcomp Info: Setting pbk sub-encoding to TS1/4 on input line 361.
Package textcomp Info: Setting pnc sub-encoding to TS1/4 on input line 362.
Package textcomp Info: Setting pzc sub-encoding to TS1/4 on input line 363.
Package textcomp Info: Setting bch sub-encoding to TS1/4 on input line 364.
Package textcomp Info: Setting put sub-encoding to TS1/5 on input line 365.
Package textcomp Info: Setting uag sub-encoding to TS1/5 on input line 366.
Package textcomp Info: Setting ugq sub-encoding to TS1/5 on input line 367.
Package textcomp Info: Setting ul8 sub-encoding to TS1/4 on input line 368.
Package textcomp Info: Setting ul9 sub-encoding to TS1/4 on input line 369.
Package textcomp Info: Setting augie sub-encoding to TS1/5 on input line 370.
Package textcomp Info: Setting dayrom sub-encoding to TS1/3 on input line 371.
Package textcomp Info: Setting dayroms sub-encoding to TS1/3 on input line 372.

Package textcomp Info: Setting pxr sub-encoding to TS1/0 on input line 373.
Package textcomp Info: Setting pxss sub-encoding to TS1/0 on input line 374.
Package textcomp Info: Setting pxtt sub-encoding to TS1/0 on input line 375.
Package textcomp Info: Setting txr sub-encoding to TS1/0 on input line 376.
Package textcomp Info: Setting txss sub-encoding to TS1/0 on input line 377.
Package textcomp Info: Setting txtt sub-encoding to TS1/0 on input line 378.
Package textcomp Info: Setting lmr sub-encoding to TS1/0 on input line 379.
Package textcomp Info: Setting lmdh sub-encoding to TS1/0 on input line 380.
Package textcomp Info: Setting lmss sub-encoding to TS1/0 on input line 381.
Package textcomp Info: Setting lmssq sub-encoding to TS1/0 on input line 382.
Package textcomp Info: Setting lmvtt sub-encoding to TS1/0 on input line 383.
Package textcomp Info: Setting lmtt sub-encoding to TS1/0 on input line 384.
Package textcomp Info: Setting qhv sub-encoding to TS1/0 on input line 385.
Package textcomp Info: Setting qag sub-encoding to TS1/0 on input line 386.
Package textcomp Info: Setting qbk sub-encoding to TS1/0 on input line 387.
Package textcomp Info: Setting qcr sub-encoding to TS1/0 on input line 388.
Package textcomp Info: Setting qcs sub-encoding to TS1/0 on input line 389.
Package textcomp Info: Setting qpl sub-encoding to TS1/0 on input line 390.
Package textcomp Info: Setting qtm sub-encoding to TS1/0 on input line 391.
Package textcomp Info: Setting qzc sub-encoding to TS1/0 on input line 392.
Package textcomp Info: Setting qhvc sub-encoding to TS1/0 on input line 393.
Package textcomp Info: Setting futs sub-encoding to TS1/4 on input line 394.
Package textcomp Info: Setting futx sub-encoding to TS1/4 on input line 395.
Package textcomp Info: Setting futj sub-encoding to TS1/4 on input line 396.
Package textcomp Info: Setting hlh sub-encoding to TS1/3 on input line 397.
Package textcomp Info: Setting hls sub-encoding to TS1/3 on input line 398.
Package textcomp Info: Setting hlst sub-encoding to TS1/3 on input line 399.
Package textcomp Info: Setting hlct sub-encoding to TS1/5 on input line 400.
Package textcomp Info: Setting hlx sub-encoding to TS1/5 on input line 401.
Package textcomp Info: Setting hlce sub-encoding to TS1/5 on input line 402.
Package textcomp Info: Setting hlcn sub-encoding to TS1/5 on input line 403.
Package textcomp Info: Setting hlcw sub-encoding to TS1/5 on input line 404.
Package textcomp Info: Setting hlcf sub-encoding to TS1/5 on input line 405.
Package textcomp Info: Setting pplx sub-encoding to TS1/3 on input line 406.
Package textcomp Info: Setting pplj sub-encoding to TS1/3 on input line 407.
Package textcomp Info: Setting ptmx sub-encoding to TS1/4 on input line 408.
Package textcomp Info: Setting ptmj sub-encoding to TS1/4 on input line 409.
))
No file mut_status.aux.
\openout1 = `mut_status.aux'.

LaTeX Font Info:    Checking defaults for OML/cmm/m/it on input line 76.
LaTeX Font Info:    ... okay on input line 76.
LaTeX Font Info:    Checking defaults for T1/cmr/m/n on input line 76.
LaTeX Font Info:    ... okay on input line 76.
LaTeX Font Info:    Checking defaults for OT1/cmr/m/n on input line 76.
LaTeX Font Info:    ... okay on input line 76.
LaTeX Font Info:    Checking defaults for OMS/cmsy/m/n on input line 76.
LaTeX Font Info:    ... okay on input line 76.
LaTeX Font Info:    Checking defaults for OMX/cmex/m/n on input line 76.
LaTeX Font Info:    ... okay on input line 76.
LaTeX Font Info:    Checking defaults for U/cmr/m/n on input line 76.
LaTeX Font Info:    ... okay on input line 76.
LaTeX Font Info:    Checking defaults for PD1/pdf/m/n on input line 76.
LaTeX Font Info:    ... okay on input line 76.
LaTeX Font Info:    Checking defaults for PU/pdf/m/n on input line 76.
LaTeX Font Info:    ... okay on input line 76.
LaTeX Font Info:    Checking defaults for TS1/cmr/m/n on input line 76.
LaTeX Font Info:    Try loading font information for TS1+cmr on input line 76.
(/usr/share/texlive/texmf-dist/tex/latex/base/ts1cmr.fd
File: ts1cmr.fd 2014/09/29 v2.5h Standard LaTeX font definitions
)
LaTeX Font Info:    ... okay on input line 76.
LaTeX Font Info:    Try loading font information for T1+pplx on input line 76.

(/usr/share/texlive/texmf-dist/tex/latex/psnfss/t1pplx.fd
File: t1pplx.fd 2004/09/06 font definitions for T1/pplx.
)
(/usr/share/texlive/texmf-dist/tex/context/base/mkii/supp-pdf.mkii
[Loading MPS to PDF converter (version 2006.09.02).]
\scratchcounter=\count101
\scratchdimen=\dimen121
\scratchbox=\box27
\nofMPsegments=\count102
\nofMParguments=\count103
\everyMPshowfont=\toks16
\MPscratchCnt=\count104
\MPscratchDim=\dimen122
\MPnumerator=\count105
\makeMPintoPDFobject=\count106
\everyMPtoPDFconversion=\toks17
) (/usr/share/texlive/texmf-dist/tex/latex/oberdiek/epstopdf-base.sty
Package: epstopdf-base 2016/05/15 v2.6 Base part for package epstopdf

(/usr/share/texlive/texmf-dist/tex/latex/oberdiek/grfext.sty
Package: grfext 2016/05/16 v1.2 Manage graphics extensions (HO)
)
Package epstopdf-base Info: Redefining graphics rule for `.eps' on input line 4
38.
Package grfext Info: Graphics extension search list:
(grfext)             [.pdf,.png,.jpg,.mps,.jpeg,.jbig2,.jb2,.PDF,.PNG,.JPG,.JPE
G,.JBIG2,.JB2,.eps]
(grfext)             \AppendGraphicsExtensions on input line 456.

(/usr/share/texlive/texmf-dist/tex/latex/latexconfig/epstopdf-sys.cfg
File: epstopdf-sys.cfg 2010/07/13 v1.3 Configuration of (r)epstopdf for TeX Liv
e
))
\big@size=\dimen123

*geometry* driver: auto-detecting
*geometry* detected driver: pdftex

Package geometry Warning: The marginal notes overrun the paper.
     Add 4.86812pt and more to the right margin.

*geometry* verbose mode - [ preamble ] result:
* driver: pdftex
* paper: <default>
* layout: <same size as paper>
* layoutoffset:(h,v)=(0.0pt,0.0pt)
* modes: 
* h-part:(L,W,R)=(71.13188pt, 472.03123pt, 71.13188pt)
* v-part:(T,H,B)=(71.13188pt, 652.70622pt, 71.13188pt)
* \paperwidth=614.295pt
* \paperheight=794.96999pt
* \textwidth=472.03123pt
* \textheight=652.70622pt
* \oddsidemargin=-1.1381pt
* \evensidemargin=-1.1381pt
* \topmargin=-38.1381pt
* \headheight=12.0pt
* \headsep=25.0pt
* \topskip=10.0pt
* \footskip=30.0pt
* \marginparwidth=65.0pt
* \marginparsep=11.0pt
* \columnsep=10.0pt
* \skip\footins=9.0pt plus 4.0pt minus 2.0pt
* \hoffset=0.0pt
* \voffset=0.0pt
* \mag=1000
* \@twocolumnfalse
* \@twosidefalse
* \@mparswitchfalse
* \@reversemarginfalse
* (1in=72.27pt=25.4mm, 1cm=28.453pt)

\AtBeginShipoutBox=\box28
Package hyperref Info: Link coloring OFF on input line 76.
(/usr/share/texlive/texmf-dist/tex/latex/hyperref/nameref.sty
Package: nameref 2016/05/21 v2.44 Cross-referencing by name of section

(/usr/share/texlive/texmf-dist/tex/generic/oberdiek/gettitlestring.sty
Package: gettitlestring 2016/05/16 v1.5 Cleanup title references (HO)
)
\c@section@level=\count107
)
LaTeX Info: Redefining \ref on input line 76.
LaTeX Info: Redefining \pageref on input line 76.
LaTeX Info: Redefining \nameref on input line 76.
\@outlinefile=\write3
\openout3 = `mut_status.out'.

Package color Info: Redefining color shadecolor on input line 88.
LaTeX Font Info:    Try loading font information for T1+lmtt on input line 89.

(/usr/share/texmf/tex/latex/lm/t1lmtt.fd
File: t1lmtt.fd 2009/10/30 v1.6 Font defs for Latin Modern
)
LaTeX Font Info:    Font shape `T1/lmtt/bx/n' in size <10> not available
(Font)              Font shape `T1/lmtt/b/n' tried instead on input line 90.

Overfull \hbox (105.46709pt too wide) in paragraph at lines 146--146
[][]\T1/lmtt/m/n/10 EA_cohort_clindata[] []<-[] []\T1/lmtt/b/n/10 read.table[][
]\T1/lmtt/m/n/10 ([][]"../rawdata/validation-dataset-clinical.processed.csv"[][
],[] []sep[][]=[][]";"[][],[] []header[][]=[][]TRUE[][])[][] 
 []


Overfull \hbox (47.71725pt too wide) in paragraph at lines 148--148
[][]\T1/lmtt/m/n/10 EA_mutstatus_merged[][]$[][]MAPKAPK2[] []<-[] []EA_mutstatu
s_merged[][]$[][]MAPKAPK2..mRNA.Expression..log.RNA.Seq.V2.RSEM.[][] 
 []


Overfull \hbox (37.21729pt too wide) in paragraph at lines 165--165
[][]\T1/lmtt/b/n/10 ggplot[][]\T1/lmtt/m/n/10 (EA_mutstatus_merged,[] []\T1/lmt
t/b/n/10 aes[][]\T1/lmtt/m/n/10 ([][]x[][]=[][]\T1/lmtt/b/n/10 as.factor[][]\T1
/lmtt/m/n/10 (EGFR.simp),[] []y[][]=MAPKAPK2,[] []fill[][]=[][]\T1/lmtt/b/n/10 
as.factor[][]\T1/lmtt/m/n/10 (censor_2yr)))[][]+[][] 
 []

[1

{/var/lib/texmf/fonts/map/pdftex/updmap/pdftex.map}]
<figure/mut-status-Rnwauto-report-1.pdf, id=13, 433.62pt x 433.62pt>
File: figure/mut-status-Rnwauto-report-1.pdf Graphic file (type pdf)
<use figure/mut-status-Rnwauto-report-1.pdf>
Package pdftex.def Info: figure/mut-status-Rnwauto-report-1.pdf  used on input 
line 176.
(pdftex.def)             Requested size: 283.22162pt x 283.23251pt.
 [2]
Overfull \hbox (37.21729pt too wide) in paragraph at lines 182--182
[][]\T1/lmtt/b/n/10 ggplot[][]\T1/lmtt/m/n/10 (EA_mutstatus_merged,[] []\T1/lmt
t/b/n/10 aes[][]\T1/lmtt/m/n/10 ([][]x[][]=[][]\T1/lmtt/b/n/10 as.factor[][]\T1
/lmtt/m/n/10 (KRAS.simp),[] []y[][]=MAPKAPK2,[] []fill[][]=[][]\T1/lmtt/b/n/10 
as.factor[][]\T1/lmtt/m/n/10 (censor_2yr)))[][]+[][] 
 []

<figure/mut-status-Rnwauto-report-2.pdf, id=18, 433.62pt x 433.62pt>
File: figure/mut-status-Rnwauto-report-2.pdf Graphic file (type pdf)
<use figure/mut-status-Rnwauto-report-2.pdf>
Package pdftex.def Info: figure/mut-status-Rnwauto-report-2.pdf  used on input 
line 197.
(pdftex.def)             Requested size: 283.22162pt x 283.23251pt.
[3 <./figure/mut-status-Rnwauto-report-1.pdf>]
Overfull \hbox (37.21729pt too wide) in paragraph at lines 203--203
[][]\T1/lmtt/b/n/10 ggplot[][]\T1/lmtt/m/n/10 (EA_mutstatus_merged,[] []\T1/lmt
t/b/n/10 aes[][]\T1/lmtt/m/n/10 ([][]x[][]=[][]\T1/lmtt/b/n/10 as.factor[][]\T1
/lmtt/m/n/10 (TP53.simp),[] []y[][]=MAPKAPK2,[] []fill[][]=[][]\T1/lmtt/b/n/10 
as.factor[][]\T1/lmtt/m/n/10 (censor_2yr)))[][]+[][] 
 []

<figure/mut-status-Rnwauto-report-3.pdf, id=28, 433.62pt x 433.62pt>
File: figure/mut-status-Rnwauto-report-3.pdf Graphic file (type pdf)
<use figure/mut-status-Rnwauto-report-3.pdf>
Package pdftex.def Info: figure/mut-status-Rnwauto-report-3.pdf  used on input 
line 214.
(pdftex.def)             Requested size: 283.22162pt x 283.23251pt.
[4 <./figure/mut-status-Rnwauto-report-2.pdf>]
<figure/mut-status-Rnwauto-report-4.pdf, id=38, 433.62pt x 433.62pt>
File: figure/mut-status-Rnwauto-report-4.pdf Graphic file (type pdf)
<use figure/mut-status-Rnwauto-report-4.pdf>
Package pdftex.def Info: figure/mut-status-Rnwauto-report-4.pdf  used on input 
line 249.
(pdftex.def)             Requested size: 283.22162pt x 283.23251pt.
 [5 <./figure/mut-status-Rnwauto-report-3.pdf>]
Overfull \hbox (367.96632pt too wide) in paragraph at lines 256--256
[][]\T1/lmtt/m/n/10 EA_mutstatus_merged[][]$[][]MK2_topQ[] []<-[] []\T1/lmtt/b/
n/10 sapply[][]\T1/lmtt/m/n/10 (EA_mutstatus_merged[][]$[][]MAPKAPK2,[] []\T1/l
mtt/b/n/10 function[][]\T1/lmtt/m/n/10 ([][]x[][])[] []\T1/lmtt/b/n/10 if[][]\T
1/lmtt/m/n/10 (x[] []>[] []\T1/lmtt/b/n/10 quantile[][]\T1/lmtt/m/n/10 (EA_muts
tatus_merged[][]$[][]MAPKAPK2,[]  []0.66[][]))[] []\T1/lmtt/b/n/10 return[][]\T
1/lmtt/m/n/10 ([][]1[][])[] []\T1/lmtt/b/n/10 else[] []return[][]\T1/lmtt/m/n/1
0 ([][]0[][]))[][] 
 []


Overfull \hbox (47.71725pt too wide) in paragraph at lines 259--259
[]                         []\T1/lmtt/m/n/10 Sex[][]+[][]Smoking.status[][]+[][
]Age[][]+[][]Stage.simp,[] []id[][]=Sample.ID,[] []data[][]=EA_mutstatus_merged
)[][] 
 []


Overfull \hbox (100.2171pt too wide) in paragraph at lines 261--261
[]                         []\T1/lmtt/m/n/10 Sex[][]+[][]Smoking.status[][]+[][
]Age[][]+[][]Stage.simp[][]+[][]EGFR.simp,[] []id[][]=Sample.ID,[] []data[][]=E
A_mutstatus_merged)[][] 
 []


Overfull \hbox (100.2171pt too wide) in paragraph at lines 263--263
[]                         []\T1/lmtt/m/n/10 Sex[][]+[][]Smoking.status[][]+[][
]Age[][]+[][]Stage.simp[][]+[][]KRAS.simp,[] []id[][]=Sample.ID,[] []data[][]=E
A_mutstatus_merged)[][] 
 []


Overfull \hbox (100.2171pt too wide) in paragraph at lines 265--265
[]                         []\T1/lmtt/m/n/10 Sex[][]+[][]Smoking.status[][]+[][
]Age[][]+[][]Stage.simp[][]+[][]TP53.simp,[] []id[][]=Sample.ID,[] []data[][]=E
A_mutstatus_merged)[][] 
 []

LaTeX Font Info:    Try loading font information for TS1+lmtt on input line 347
.
(/usr/share/texmf/tex/latex/lm/ts1lmtt.fd
File: ts1lmtt.fd 2009/10/30 v1.6 Font defs for Latin Modern
)
Overfull \hbox (47.71725pt too wide) in paragraph at lines 452--452
[]                         []\T1/lmtt/m/n/10 Sex[][]+[][]Smoking.status[][]+[][
]Age[][]+[][]Stage.simp,[] []id[][]=Sample.ID,[] []data[][]=EA_mutstatus_merged
)[][] 
 []


Overfull \hbox (94.96712pt too wide) in paragraph at lines 454--454
[]                         []\T1/lmtt/m/n/10 Sex[][]+[][]Smoking.status[][]+[][
]Age[][]+[][]Stage.simp[][]+[][]MK2_topQ,[] []id[][]=Sample.ID,[] []data[][]=EA
_mutstatus_merged)[][] 
 []


Overfull \hbox (79.21716pt too wide) in paragraph at lines 460--460
[][]\T1/lmtt/m/n/10 TCGA_clindata[] []<-[] []\T1/lmtt/b/n/10 read.table[][]\T1/
lmtt/m/n/10 ([][]"../rawdata/tcga-luad-clinical.processed_forCoxPH.csv"[][],[][
]sep[][]=[][]"\t"[][],[] []header[][]=[][]TRUE[][])[][] 
 []


Overfull \hbox (58.21722pt too wide) in paragraph at lines 463--463
[][]\T1/lmtt/m/n/10 TCGA_mutstatus_merged[] []<-[] []\T1/lmtt/b/n/10 left_join[
][]\T1/lmtt/m/n/10 (mut_status_TCGA, TCGA_clindata,[] []by[][]=[][]\T1/lmtt/b/n
/10 c[][]\T1/lmtt/m/n/10 ([][]"track_name"[][]=[][]"submitter_id"[][]))[][] 
 []


Overfull \hbox (131.71701pt too wide) in paragraph at lines 466--466
[][]\T1/lmtt/m/n/10 TCGA_mutstatus_merged[] []<-[] []TCGA_mutstatus_merged[[][]
![][]\T1/lmtt/b/n/10 is.na[][]\T1/lmtt/m/n/10 (TCGA_mutstatus_merged[][]$[][]aj
cc_pathologic_stage_combined[][]!=[][]"NA"[][]),][][] 
 []

[6 <./figure/mut-status-Rnwauto-report-4.pdf>] [7] [8] [9]
<figure/mut-status-Rnwauto-report-5.pdf, id=71, 433.62pt x 433.62pt>
File: figure/mut-status-Rnwauto-report-5.pdf Graphic file (type pdf)
<use figure/mut-status-Rnwauto-report-5.pdf>
Package pdftex.def Info: figure/mut-status-Rnwauto-report-5.pdf  used on input 
line 497.
(pdftex.def)             Requested size: 283.22162pt x 283.23251pt.

Overfull \hbox (110.71707pt too wide) in paragraph at lines 506--506
[]              []\T1/lmtt/m/n/10 data[][]=TCGA_mutstatus_merged[TCGA_mutstatus
_merged[][]$[][]ajcc_pathologic_stage_combined[][]==[][]"Early Stage"[][],])[][
] 
 []

[10 <./figure/mut-status-Rnwauto-report-5.pdf>]
<figure/mut-status-Rnwauto-report-6.pdf, id=81, 433.62pt x 433.62pt>
File: figure/mut-status-Rnwauto-report-6.pdf Graphic file (type pdf)
<use figure/mut-status-Rnwauto-report-6.pdf>
Package pdftex.def Info: figure/mut-status-Rnwauto-report-6.pdf  used on input 
line 524.
(pdftex.def)             Requested size: 283.22162pt x 283.23251pt.
<figure/mut-status-Rnwauto-report-7.pdf, id=82, 433.62pt x 433.62pt>
File: figure/mut-status-Rnwauto-report-7.pdf Graphic file (type pdf)
<use figure/mut-status-Rnwauto-report-7.pdf>
Package pdftex.def Info: figure/mut-status-Rnwauto-report-7.pdf  used on input 
line 536.
(pdftex.def)             Requested size: 283.22162pt x 283.23251pt.
 [11 <./figure/mut-status-Rnwauto-report-6.pdf>]
<figure/mut-status-Rnwauto-report-8.pdf, id=95, 433.62pt x 433.62pt>
File: figure/mut-status-Rnwauto-report-8.pdf Graphic file (type pdf)
<use figure/mut-status-Rnwauto-report-8.pdf>
Package pdftex.def Info: figure/mut-status-Rnwauto-report-8.pdf  used on input 
line 548.
(pdftex.def)             Requested size: 283.22162pt x 283.23251pt.

Overfull \hbox (199.96681pt too wide) in paragraph at lines 583--583
[]\T1/lmtt/m/n/10 ##     gender + smoking + age_at_diagnosis, data = TCGA_mutst
atus_merged[TCGA_mutstatus_merged$ajcc_pathologic_stage_combined ==[] 
 []


Overfull \hbox (42.46727pt too wide) in paragraph at lines 588--588
[][]\T1/lmtt/m/n/10 data[][]=TCGA_mutstatus_merged[TCGA_mutstatus_merged[][]$[]
[]ajcc_pathologic_stage_combined[][]==[][]"Early Stage"[][],]))[][] 
 []


Overfull \hbox (252.46666pt too wide) in paragraph at lines 607--607
[]\T1/lmtt/m/n/10 ## coxph(formula = Surv(time, censor.2y) ~ EGFR.simp, data = 
TCGA_mutstatus_merged[TCGA_mutstatus_merged$ajcc_pathologic_stage_combined ==[]
 
 []


Overfull \hbox (42.46727pt too wide) in paragraph at lines 610--610
[][]\T1/lmtt/m/n/10 data[][]=TCGA_mutstatus_merged[TCGA_mutstatus_merged[][]$[]
[]ajcc_pathologic_stage_combined[][]==[][]"Early Stage"[][],]))[][] 
 []


Overfull \hbox (252.46666pt too wide) in paragraph at lines 629--629
[]\T1/lmtt/m/n/10 ## coxph(formula = Surv(time, censor.2y) ~ KRAS.simp, data = 
TCGA_mutstatus_merged[TCGA_mutstatus_merged$ajcc_pathologic_stage_combined ==[]
 
 []


Overfull \hbox (42.46727pt too wide) in paragraph at lines 632--632
[][]\T1/lmtt/m/n/10 data[][]=TCGA_mutstatus_merged[TCGA_mutstatus_merged[][]$[]
[]ajcc_pathologic_stage_combined[][]==[][]"Early Stage"[][],]))[][] 
 []


Overfull \hbox (252.46666pt too wide) in paragraph at lines 653--653
[]\T1/lmtt/m/n/10 ## coxph(formula = Surv(time, censor.2y) ~ TP53.simp, data = 
TCGA_mutstatus_merged[TCGA_mutstatus_merged$ajcc_pathologic_stage_combined ==[]
 
 []


Overfull \hbox (110.71707pt too wide) in paragraph at lines 658--658
[]              []\T1/lmtt/m/n/10 data[][]=TCGA_mutstatus_merged[TCGA_mutstatus
_merged[][]$[][]ajcc_pathologic_stage_combined[][]==[][]"Early Stage"[][],])[][
] 
 []


Overfull \hbox (262.96663pt too wide) in paragraph at lines 690--690
[]\T1/lmtt/m/n/10 ##     gender + smoking + age_at_diagnosis + EGFR.simp, data 
= TCGA_mutstatus_merged[TCGA_mutstatus_merged$ajcc_pathologic_stage_combined ==
[] 
 []

[12 <./figure/mut-status-Rnwauto-report-7.pdf> <./figure/mut-status-Rnwauto-rep
ort-8.pdf>] [13] [14]
<figure/mut-status-Rnwauto-report-9.pdf, id=125, 433.62pt x 433.62pt>
File: figure/mut-status-Rnwauto-report-9.pdf Graphic file (type pdf)
<use figure/mut-status-Rnwauto-report-9.pdf>
Package pdftex.def Info: figure/mut-status-Rnwauto-report-9.pdf  used on input 
line 710.
(pdftex.def)             Requested size: 283.22162pt x 283.23251pt.
 [15]
Overfull \hbox (110.71707pt too wide) in paragraph at lines 718--718
[]              []\T1/lmtt/m/n/10 data[][]=TCGA_mutstatus_merged[TCGA_mutstatus
_merged[][]$[][]ajcc_pathologic_stage_combined[][]==[][]"Early Stage"[][],])[][
] 
 []


Overfull \hbox (262.96663pt too wide) in paragraph at lines 750--750
[]\T1/lmtt/m/n/10 ##     gender + smoking + age_at_diagnosis + KRAS.simp, data 
= TCGA_mutstatus_merged[TCGA_mutstatus_merged$ajcc_pathologic_stage_combined ==
[] 
 []


Overfull \hbox (110.71707pt too wide) in paragraph at lines 754--754
[]              []\T1/lmtt/m/n/10 data[][]=TCGA_mutstatus_merged[TCGA_mutstatus
_merged[][]$[][]ajcc_pathologic_stage_combined[][]==[][]"Early Stage"[][],])[][
] 
 []


Overfull \hbox (262.96663pt too wide) in paragraph at lines 786--786
[]\T1/lmtt/m/n/10 ##     gender + smoking + age_at_diagnosis + TP53.simp, data 
= TCGA_mutstatus_merged[TCGA_mutstatus_merged$ajcc_pathologic_stage_combined ==
[] 
 []


Overfull \hbox (105.46709pt too wide) in paragraph at lines 790--790
[]              []\T1/lmtt/m/n/10 data[][]=TCGA_mutstatus_merged[TCGA_mutstatus
_merged[][]$[][]ajcc_pathologic_stage_combined[][]==[][]"Late Stage"[][],])[][]
 
 []


Overfull \hbox (262.96663pt too wide) in paragraph at lines 819--819
[]\T1/lmtt/m/n/10 ##     gender + smoking + age_at_diagnosis + EGFR.simp, data 
= TCGA_mutstatus_merged[TCGA_mutstatus_merged$ajcc_pathologic_stage_combined ==
[] 
 []


Overfull \hbox (105.46709pt too wide) in paragraph at lines 835--835
[]              []\T1/lmtt/m/n/10 data[][]=TCGA_mutstatus_merged[TCGA_mutstatus
_merged[][]$[][]ajcc_pathologic_stage_combined[][]==[][]"Late Stage"[][],])[][]
 
 []


Overfull \hbox (262.96663pt too wide) in paragraph at lines 864--864
[]\T1/lmtt/m/n/10 ##     gender + smoking + age_at_diagnosis + KRAS.simp, data 
= TCGA_mutstatus_merged[TCGA_mutstatus_merged$ajcc_pathologic_stage_combined ==
[] 
 []


Overfull \hbox (105.46709pt too wide) in paragraph at lines 868--868
[]              []\T1/lmtt/m/n/10 data[][]=TCGA_mutstatus_merged[TCGA_mutstatus
_merged[][]$[][]ajcc_pathologic_stage_combined[][]==[][]"Late Stage"[][],])[][]
 
 []


Overfull \hbox (262.96663pt too wide) in paragraph at lines 897--897
[]\T1/lmtt/m/n/10 ##     gender + smoking + age_at_diagnosis + TP53.simp, data 
= TCGA_mutstatus_merged[TCGA_mutstatus_merged$ajcc_pathologic_stage_combined ==
[] 
 []


Overfull \hbox (226.21674pt too wide) in paragraph at lines 901--901
[][]\T1/lmtt/m/n/10 TCGA_mutstatus_merged[][]$[][]KRAS.simp.2[] []<-[] []\T1/lm
tt/b/n/10 sapply[][]\T1/lmtt/m/n/10 (TCGA_mutstatus_merged[][]$[][]KRAS.simp,[]
 []\T1/lmtt/b/n/10 function[][]\T1/lmtt/m/n/10 ([][]x[][])[] []\T1/lmtt/b/n/10 
if[][]\T1/lmtt/m/n/10 (x[][]==[][]"Wild-Type"[][])[] []\T1/lmtt/b/n/10 return[]
[]\T1/lmtt/m/n/10 ([][]0[][])[] []\T1/lmtt/b/n/10 else[] []return[][]\T1/lmtt/m
/n/10 ([][]1[][]))[][] 
 []


Overfull \hbox (210.46678pt too wide) in paragraph at lines 903--903
[][]\T1/lmtt/m/n/10 KRAS_TCGA[] []<-[] []\T1/lmtt/b/n/10 coxph[][]\T1/lmtt/m/n/
10 ([][]\T1/lmtt/b/n/10 Surv[][]\T1/lmtt/m/n/10 (time,censor.2y)[][]~[][]KRAS.s
imp.2[][]+[][]gender[][]+[][]smoking[][]+[][]age_at_diagnosis[][]+[][]ajcc_path
ologic_stage_combined,[] []id[][]=track_name,[][] 
 []


Overfull \hbox (336.46642pt too wide) in paragraph at lines 905--905
[][]\T1/lmtt/m/n/10 KRAS_TCGA_MK2[] []<-[] []\T1/lmtt/b/n/10 coxph[][]\T1/lmtt/
m/n/10 ([][]\T1/lmtt/b/n/10 Surv[][]\T1/lmtt/m/n/10 (time,censor.2y)[][]~[][]KR
AS.simp.2[][]+[][]gender[][]+[][]smoking[][]+[][]age_at_diagnosis[][]+[][]ajcc_
pathologic_stage_combined[][]+[][]MK2_Expression_topQ,[] []id[][]=track_name,[]
[] 
 []


Overfull \hbox (525.46587pt too wide) in paragraph at lines 907--907
[][]\T1/lmtt/m/n/10 KRAS_TCGA_MK2_int[] []<-[] []\T1/lmtt/b/n/10 coxph[][]\T1/l
mtt/m/n/10 ([][]\T1/lmtt/b/n/10 Surv[][]\T1/lmtt/m/n/10 (time,censor.2y)[][]~[]
[]KRAS.simp.2[][]+[][]gender[][]+[][]smoking[][]+[][]age_at_diagnosis[][]+[][]a
jcc_pathologic_stage_combined[][]+[][]MK2_Expression_topQ[][]+[][]KRAS.simp.2[]
[]*[][]MK2_Expression_topQ,[] []id[][]=track_name,[][] 
 []


Overfull \hbox (5.71738pt too wide) in paragraph at lines 976--976
[]\T1/lmtt/m/n/10 ## ajcc_pathologic_stage_combinedLate Stage  1.14903   3.1551
5  0.21465  5.353 8.65e-08 ***[] 
 []


Overfull \hbox (5.71738pt too wide) in paragraph at lines 1014--1014
[]\T1/lmtt/m/n/10 ## ajcc_pathologic_stage_combinedLate Stage  1.16110   3.1934
6  0.21542  5.390 7.05e-08 ***[] 
 []

[16 <./figure/mut-status-Rnwauto-report-9.pdf>] [17] [18] [19] [20]
Package color Info: Redefining color shadecolor on input line 1022.

Overfull \hbox (0.46739pt too wide) in paragraph at lines 1059--1059
[]\T1/lmtt/m/n/10 ## [21] readxl_1.3.1     lifecycle_0.2.0  stringr_1.4.0    mu
nsell_0.5.0    ggsignif_0.6.0[] 
 []


Overfull \hbox (0.46739pt too wide) in paragraph at lines 1059--1059
[]\T1/lmtt/m/n/10 ## [26] gtable_0.3.0     cellranger_1.1.0 zip_2.1.1        ev
aluate_0.14    labeling_0.4.2[] 
 []


Overfull \hbox (0.46739pt too wide) in paragraph at lines 1059--1059
[]\T1/lmtt/m/n/10 ## [56] crayon_1.4.1     car_3.0-10       tidyr_1.1.2      pk
gconfig_2.0.3  ellipsis_0.3.1[] 
 []

[21]
Package atveryend Info: Empty hook `BeforeClearDocument' on input line 1070.
 [22]
Package atveryend Info: Empty hook `AfterLastShipout' on input line 1070.
 (./mut_status.aux)
Package atveryend Info: Executing hook `AtVeryEndDocument' on input line 1070.
Package atveryend Info: Executing hook `AtEndAfterFileList' on input line 1070.



Package rerunfilecheck Warning: File `mut_status.out' has changed.
(rerunfilecheck)                Rerun to get outlines right
(rerunfilecheck)                or use package `bookmark'.

Package rerunfilecheck Info: Checksums for `mut_status.out':
(rerunfilecheck)             Before: <no file>
(rerunfilecheck)             After:  D41D8CD98F00B204E9800998ECF8427E;0.
Package atveryend Info: Empty hook `AtVeryVeryEnd' on input line 1070.
 ) 
Here is how much of TeX's memory you used:
 9582 strings out of 494561
 136110 string characters out of 6177454
 260112 words of memory out of 5000000
 13154 multiletter control sequences out of 15000+600000
 8294 words of font info for 22 fonts, out of 8000000 for 9000
 14 hyphenation exceptions out of 8191
 28i,5n,25p,433b,375s stack positions out of 5000i,500n,10000p,200000b,80000s
{/usr/share/texmf/fonts/enc/dvips/lm/lm-ts1.enc}{/usr/share/texmf/fonts/enc/d
vips/lm/lm-ec.enc}{/usr/share/texlive/texmf-dist/fonts/enc/dvips/base/8r.enc}</
usr/share/texmf/fonts/type1/public/lm/lmtk10.pfb></usr/share/texmf/fonts/type1/
public/lm/lmtt10.pfb></usr/share/texmf/fonts/type1/public/lm/lmtti10.pfb></usr/
share/texlive/texmf-dist/fonts/type1/urw/palatino/uplr8a.pfb>
Output written on mut_status.pdf (22 pages, 440688 bytes).
PDF statistics:
 193 PDF objects out of 1000 (max. 8388607)
 145 compressed objects within 2 object streams
 23 named destinations out of 1000 (max. 500000)
 46 words of extra memory for PDF output out of 10000 (max. 10000000)

